# JRE version: Java(TM) SE Runtime Environment (7.0_80-b15) (build 1.7.0_80-b15)
# Java VM: Java HotSpot(TM) 64-Bit Server VM (24.80-b11 mixed mode windows-amd64 compressed oops)
Heap
 PSYoungGen      total 284160K, used 284143K [0x00000000eaa80000, 0x0000000100000000, 0x0000000100000000)
  eden space 258560K, 100% used [0x00000000eaa80000,0x00000000fa700000,0x00000000fa700000)
  from space 25600K, 99% used [0x00000000fa700000,0x00000000fbffbd30,0x00000000fc000000)
  to   space 42496K, 77% used [0x00000000fd680000,0x00000000ff6d3b88,0x0000000100000000)
 ParOldGen       total 86528K, used 78456K [0x00000000c0000000, 0x00000000c5480000, 0x00000000eaa80000)
  object space 86528K, 90% used [0x00000000c0000000,0x00000000c4c9e358,0x00000000c5480000)
 PSPermGen       total 52736K, used 52624K [0x00000000b0000000, 0x00000000b3380000, 0x00000000c0000000)
  object space 52736K, 99% used [0x00000000b0000000,0x00000000b33641c0,0x00000000b3380000)
GC Heap History (10 events):
Event: 2.510 GC heap after
Heap after GC invocations=5 (full 0):
 PSYoungGen      total 71680K, used 5104K [0x00000000eaa80000, 0x00000000f4580000, 0x0000000100000000)
  eden space 66560K, 0% used [0x00000000eaa80000,0x00000000eaa80000,0x00000000eeb80000)
  from space 5120K, 99% used [0x00000000eeb80000,0x00000000ef07c010,0x00000000ef080000)
  to   space 12800K, 0% used [0x00000000f3900000,0x00000000f3900000,0x00000000f4580000)
 ParOldGen       total 86528K, used 14547K [0x00000000c0000000, 0x00000000c5480000, 0x00000000eaa80000)
  object space 86528K, 16% used [0x00000000c0000000,0x00000000c0e34dc8,0x00000000c5480000)
 PSPermGen       total 26112K, used 25833K [0x00000000b0000000, 0x00000000b1980000, 0x00000000c0000000)
  object space 26112K, 98% used [0x00000000b0000000,0x00000000b193a4f8,0x00000000b1980000)
}
Event: 3.901 GC heap before
{Heap before GC invocations=6 (full 0):
 PSYoungGen      total 71680K, used 71664K [0x00000000eaa80000, 0x00000000f4580000, 0x0000000100000000)
  eden space 66560K, 100% used [0x00000000eaa80000,0x00000000eeb80000,0x00000000eeb80000)
  from space 5120K, 99% used [0x00000000eeb80000,0x00000000ef07c010,0x00000000ef080000)
  to   space 12800K, 0% used [0x00000000f3900000,0x00000000f3900000,0x00000000f4580000)
 ParOldGen       total 86528K, used 14547K [0x00000000c0000000, 0x00000000c5480000, 0x00000000eaa80000)
  object space 86528K, 16% used [0x00000000c0000000,0x00000000c0e34dc8,0x00000000c5480000)
 PSPermGen       total 29696K, used 29487K [0x00000000b0000000, 0x00000000b1d00000, 0x00000000c0000000)
  object space 29696K, 99% used [0x00000000b0000000,0x00000000b1ccbf90,0x00000000b1d00000)
Event: 3.910 GC heap after
Heap after GC invocations=6 (full 0):
 PSYoungGen      total 145408K, used 10581K [0x00000000eaa80000, 0x00000000f4680000, 0x0000000100000000)
  eden space 132608K, 0% used [0x00000000eaa80000,0x00000000eaa80000,0x00000000f2c00000)
  from space 12800K, 82% used [0x00000000f3900000,0x00000000f43554f8,0x00000000f4580000)
  to   space 13312K, 0% used [0x00000000f2c00000,0x00000000f2c00000,0x00000000f3900000)
 ParOldGen       total 86528K, used 14547K [0x00000000c0000000, 0x00000000c5480000, 0x00000000eaa80000)
  object space 86528K, 16% used [0x00000000c0000000,0x00000000c0e34dc8,0x00000000c5480000)
 PSPermGen       total 29696K, used 29487K [0x00000000b0000000, 0x00000000b1d00000, 0x00000000c0000000)
  object space 29696K, 99% used [0x00000000b0000000,0x00000000b1ccbf90,0x00000000b1d00000)
}
Event: 4.892 GC heap before
{Heap before GC invocations=7 (full 0):
 PSYoungGen      total 145408K, used 143189K [0x00000000eaa80000, 0x00000000f4680000, 0x0000000100000000)
  eden space 132608K, 100% used [0x00000000eaa80000,0x00000000f2c00000,0x00000000f2c00000)
  from space 12800K, 82% used [0x00000000f3900000,0x00000000f43554f8,0x00000000f4580000)
  to   space 13312K, 0% used [0x00000000f2c00000,0x00000000f2c00000,0x00000000f3900000)
 ParOldGen       total 86528K, used 14547K [0x00000000c0000000, 0x00000000c5480000, 0x00000000eaa80000)
  object space 86528K, 16% used [0x00000000c0000000,0x00000000c0e34dc8,0x00000000c5480000)
 PSPermGen       total 37888K, used 37442K [0x00000000b0000000, 0x00000000b2500000, 0x00000000c0000000)
  object space 37888K, 98% used [0x00000000b0000000,0x00000000b2490b70,0x00000000b2500000)
Event: 4.907 GC heap after
Heap after GC invocations=7 (full 0):
 PSYoungGen      total 145920K, used 13305K [0x00000000eaa80000, 0x00000000fd280000, 0x0000000100000000)
  eden space 132608K, 0% used [0x00000000eaa80000,0x00000000eaa80000,0x00000000f2c00000)
  from space 13312K, 99% used [0x00000000f2c00000,0x00000000f38fe6f0,0x00000000f3900000)
  to   space 18944K, 0% used [0x00000000fc000000,0x00000000fc000000,0x00000000fd280000)
 ParOldGen       total 86528K, used 21464K [0x00000000c0000000, 0x00000000c5480000, 0x00000000eaa80000)
  object space 86528K, 24% used [0x00000000c0000000,0x00000000c14f6078,0x00000000c5480000)
 PSPermGen       total 37888K, used 37442K [0x00000000b0000000, 0x00000000b2500000, 0x00000000c0000000)
  object space 37888K, 98% used [0x00000000b0000000,0x00000000b2490b70,0x00000000b2500000)
}
Event: 6.091 GC heap before
{Heap before GC invocations=8 (full 0):
 PSYoungGen      total 145920K, used 145913K [0x00000000eaa80000, 0x00000000fd280000, 0x0000000100000000)
  eden space 132608K, 100% used [0x00000000eaa80000,0x00000000f2c00000,0x00000000f2c00000)
  from space 13312K, 99% used [0x00000000f2c00000,0x00000000f38fe6f0,0x00000000f3900000)
  to   space 18944K, 0% used [0x00000000fc000000,0x00000000fc000000,0x00000000fd280000)
 ParOldGen       total 86528K, used 21464K [0x00000000c0000000, 0x00000000c5480000, 0x00000000eaa80000)
  object space 86528K, 24% used [0x00000000c0000000,0x00000000c14f6078,0x00000000c5480000)
 PSPermGen       total 41984K, used 41838K [0x00000000b0000000, 0x00000000b2900000, 0x00000000c0000000)
  object space 41984K, 99% used [0x00000000b0000000,0x00000000b28dba78,0x00000000b2900000)
Event: 6.125 GC heap after
Heap after GC invocations=8 (full 0):
 PSYoungGen      total 277504K, used 18916K [0x00000000eaa80000, 0x00000000fdf80000, 0x0000000100000000)
  eden space 258560K, 0% used [0x00000000eaa80000,0x00000000eaa80000,0x00000000fa700000)
  from space 18944K, 99% used [0x00000000fc000000,0x00000000fd279320,0x00000000fd280000)
  to   space 25600K, 0% used [0x00000000fa700000,0x00000000fa700000,0x00000000fc000000)
 ParOldGen       total 86528K, used 30268K [0x00000000c0000000, 0x00000000c5480000, 0x00000000eaa80000)
  object space 86528K, 34% used [0x00000000c0000000,0x00000000c1d8f010,0x00000000c5480000)
 PSPermGen       total 41984K, used 41838K [0x00000000b0000000, 0x00000000b2900000, 0x00000000c0000000)
  object space 41984K, 99% used [0x00000000b0000000,0x00000000b28dba78,0x00000000b2900000)
}
Event: 11.458 GC heap before
{Heap before GC invocations=9 (full 0):
 PSYoungGen      total 277504K, used 277476K [0x00000000eaa80000, 0x00000000fdf80000, 0x0000000100000000)
  eden space 258560K, 100% used [0x00000000eaa80000,0x00000000fa700000,0x00000000fa700000)
  from space 18944K, 99% used [0x00000000fc000000,0x00000000fd279320,0x00000000fd280000)
  to   space 25600K, 0% used [0x00000000fa700000,0x00000000fa700000,0x00000000fc000000)
 ParOldGen       total 86528K, used 30268K [0x00000000c0000000, 0x00000000c5480000, 0x00000000eaa80000)
  object space 86528K, 34% used [0x00000000c0000000,0x00000000c1d8f010,0x00000000c5480000)
 PSPermGen       total 51200K, used 50853K [0x00000000b0000000, 0x00000000b3200000, 0x00000000c0000000)
  object space 51200K, 99% used [0x00000000b0000000,0x00000000b31a95f0,0x00000000b3200000)
Event: 11.497 GC heap after
Heap after GC invocations=9 (full 0):
 PSYoungGen      total 284160K, used 25583K [0x00000000eaa80000, 0x0000000100000000, 0x0000000100000000)
  eden space 258560K, 0% used [0x00000000eaa80000,0x00000000eaa80000,0x00000000fa700000)
  from space 25600K, 99% used [0x00000000fa700000,0x00000000fbffbd30,0x00000000fc000000)
  to   space 42496K, 0% used [0x00000000fd680000,0x00000000fd680000,0x0000000100000000)
 ParOldGen       total 86528K, used 62682K [0x00000000c0000000, 0x00000000c5480000, 0x00000000eaa80000)
  object space 86528K, 72% used [0x00000000c0000000,0x00000000c3d36a68,0x00000000c5480000)
 PSPermGen       total 51200K, used 50853K [0x00000000b0000000, 0x00000000b3200000, 0x00000000c0000000)
  object space 51200K, 99% used [0x00000000b0000000,0x00000000b31a95f0,0x00000000b3200000)
}
Event: 15.774 GC heap before
{Heap before GC invocations=10 (full 0):
 PSYoungGen      total 284160K, used 284143K [0x00000000eaa80000, 0x0000000100000000, 0x0000000100000000)
  eden space 258560K, 100% used [0x00000000eaa80000,0x00000000fa700000,0x00000000fa700000)
  from space 25600K, 99% used [0x00000000fa700000,0x00000000fbffbd30,0x00000000fc000000)
  to   space 42496K, 0% used [0x00000000fd680000,0x00000000fd680000,0x0000000100000000)
 ParOldGen       total 86528K, used 62682K [0x00000000c0000000, 0x00000000c5480000, 0x00000000eaa80000)
  object space 86528K, 72% used [0x00000000c0000000,0x00000000c3d36a68,0x00000000c5480000)
 PSPermGen       total 52736K, used 52624K [0x00000000b0000000, 0x00000000b3380000, 0x00000000c0000000)
  object space 52736K, 99% used [0x00000000b0000000,0x00000000b33641c0,0x00000000b3380000)

